<?xml version="1.0" encoding="UTF-8"?>
<!-- Generated by org.testng.reporters.JUnitXMLReporter -->
<testsuite hostname="Stock2" ignored="0" name="Test" tests="15" failures="1" timestamp="20 Aug 2021 05:07:10 GMT" time="14.159" errors="0">
  <testcase name="@AfterMethod tearDown" time="0.021" classname="fintoo.Testcases.BaseClass">
    <failure type="java.lang.NullPointerException">
      <![CDATA[java.lang.NullPointerException
at fintoo.Testcases.BaseClass.captureScreen(BaseClass.java:201)
at fintoo.Testcases.BaseClass.tearDown(BaseClass.java:152)
... Removed 28 stack frames]]>
    </failure>
  </testcase> <!-- @AfterMethod tearDown -->
  <testcase name="@AfterMethod tearDown" time="0.0" classname="fintoo.Testcases.BaseClass">
    <skipped/>
  </testcase> <!-- @AfterMethod tearDown -->
  <testcase name="@AfterMethod tearDown" time="0.0" classname="fintoo.Testcases.BaseClass">
    <skipped/>
  </testcase> <!-- @AfterMethod tearDown -->
  <testcase name="@AfterMethod tearDown" time="0.0" classname="fintoo.Testcases.BaseClass">
    <skipped/>
  </testcase> <!-- @AfterMethod tearDown -->
  <testcase name="@AfterMethod tearDown" time="0.0" classname="fintoo.Testcases.BaseClass">
    <skipped/>
  </testcase> <!-- @AfterMethod tearDown -->
  <testcase name="@AfterMethod tearDown" time="0.0" classname="fintoo.Testcases.BaseClass">
    <skipped/>
  </testcase> <!-- @AfterMethod tearDown -->
  <testcase name="@AfterMethod tearDown" time="0.0" classname="fintoo.Testcases.BaseClass">
    <skipped/>
  </testcase> <!-- @AfterMethod tearDown -->
  <testcase name="@AfterMethod tearDown" time="0.0" classname="fintoo.Testcases.BaseClass">
    <skipped/>
  </testcase> <!-- @AfterMethod tearDown -->
  <testcase name="@AfterMethod tearDown" time="0.0" classname="fintoo.Testcases.BaseClass">
    <skipped/>
  </testcase> <!-- @AfterMethod tearDown -->
  <testcase name="@AfterMethod tearDown" time="0.0" classname="fintoo.Testcases.BaseClass">
    <skipped/>
  </testcase> <!-- @AfterMethod tearDown -->
  <testcase name="@AfterMethod tearDown" time="0.0" classname="fintoo.Testcases.BaseClass">
    <skipped/>
  </testcase> <!-- @AfterMethod tearDown -->
  <testcase name="@AfterMethod tearDown" time="0.0" classname="fintoo.Testcases.BaseClass">
    <skipped/>
  </testcase> <!-- @AfterMethod tearDown -->
  <testcase name="@AfterMethod tearDown" time="0.0" classname="fintoo.Testcases.BaseClass">
    <skipped/>
  </testcase> <!-- @AfterMethod tearDown -->
  <testcase name="@AfterMethod tearDown" time="0.0" classname="fintoo.Testcases.BaseClass">
    <skipped/>
  </testcase> <!-- @AfterMethod tearDown -->
  <testcase name="@AfterMethod tearDown" time="0.0" classname="fintoo.Testcases.BaseClass">
    <skipped/>
  </testcase> <!-- @AfterMethod tearDown -->
  <testcase name="@AfterClass close" time="0.0" classname="fintoo.Testcases.BaseClass">
    <skipped/>
  </testcase> <!-- @AfterClass close -->
  <testcase name="loginAndStartPlan on [TC_DataGathering_008 passed=0 failed=0 skipped=0]" time="13.983" classname="fintoo.Testcases.TC_DataGathering_008">
    <failure type="java.lang.NullPointerException">
      <![CDATA[java.lang.NullPointerException
at fintoo.Testcases.TC_DataGathering_008.loginAndStartPlan(TC_DataGathering_008.java:80)
... Removed 25 stack frames]]>
    </failure>
  </testcase> <!-- loginAndStartPlan on [TC_DataGathering_008 passed=0 failed=0 skipped=0] -->
  <testcase name="dataGathering01 on [TC_DataGathering_008 passed=0 failed=0 skipped=0]" time="0.0" classname="fintoo.Testcases.TC_DataGathering_008">
    <skipped/>
  </testcase> <!-- dataGathering01 on [TC_DataGathering_008 passed=0 failed=0 skipped=0] -->
  <testcase name="incomeExpensePositive on [TC_DataGathering_008 passed=0 failed=0 skipped=0]" time="0.0" classname="fintoo.Testcases.TC_DataGathering_008">
    <skipped/>
  </testcase> <!-- incomeExpensePositive on [TC_DataGathering_008 passed=0 failed=0 skipped=0] -->
  <testcase name="goalsPositive on [TC_DataGathering_008 passed=0 failed=0 skipped=0]" time="0.0" classname="fintoo.Testcases.TC_DataGathering_008">
    <skipped/>
  </testcase> <!-- goalsPositive on [TC_DataGathering_008 passed=0 failed=0 skipped=0] -->
  <testcase name="assetsEquityPostive on [TC_DataGathering_008 passed=0 failed=0 skipped=0]" time="0.0" classname="fintoo.Testcases.TC_DataGathering_008">
    <skipped/>
  </testcase> <!-- assetsEquityPostive on [TC_DataGathering_008 passed=0 failed=0 skipped=0] -->
  <testcase name="assetDebtPositive on [TC_DataGathering_008 passed=0 failed=0 skipped=0]" time="0.0" classname="fintoo.Testcases.TC_DataGathering_008">
    <skipped/>
  </testcase> <!-- assetDebtPositive on [TC_DataGathering_008 passed=0 failed=0 skipped=0] -->
  <testcase name="realEstatePositive on [TC_DataGathering_008 passed=0 failed=0 skipped=0]" time="0.0" classname="fintoo.Testcases.TC_DataGathering_008">
    <skipped/>
  </testcase> <!-- realEstatePositive on [TC_DataGathering_008 passed=0 failed=0 skipped=0] -->
  <testcase name="liquidPositive on [TC_DataGathering_008 passed=0 failed=0 skipped=0]" time="0.0" classname="fintoo.Testcases.TC_DataGathering_008">
    <skipped/>
  </testcase> <!-- liquidPositive on [TC_DataGathering_008 passed=0 failed=0 skipped=0] -->
  <testcase name="alternativePositive on [TC_DataGathering_008 passed=0 failed=0 skipped=0]" time="0.0" classname="fintoo.Testcases.TC_DataGathering_008">
    <skipped/>
  </testcase> <!-- alternativePositive on [TC_DataGathering_008 passed=0 failed=0 skipped=0] -->
  <testcase name="goldPositive on [TC_DataGathering_008 passed=0 failed=0 skipped=0]" time="0.0" classname="fintoo.Testcases.TC_DataGathering_008">
    <skipped/>
  </testcase> <!-- goldPositive on [TC_DataGathering_008 passed=0 failed=0 skipped=0] -->
  <testcase name="othersAssetPositive on [TC_DataGathering_008 passed=0 failed=0 skipped=0]" time="0.0" classname="fintoo.Testcases.TC_DataGathering_008">
    <skipped/>
  </testcase> <!-- othersAssetPositive on [TC_DataGathering_008 passed=0 failed=0 skipped=0] -->
  <testcase name="liabilitiesPositive on [TC_DataGathering_008 passed=0 failed=0 skipped=0]" time="0.0" classname="fintoo.Testcases.TC_DataGathering_008">
    <skipped/>
  </testcase> <!-- liabilitiesPositive on [TC_DataGathering_008 passed=0 failed=0 skipped=0] -->
  <testcase name="insurancePositive on [TC_DataGathering_008 passed=0 failed=0 skipped=0]" time="0.0" classname="fintoo.Testcases.TC_DataGathering_008">
    <skipped/>
  </testcase> <!-- insurancePositive on [TC_DataGathering_008 passed=0 failed=0 skipped=0] -->
  <testcase name="myDocumentPositive on [TC_DataGathering_008 passed=0 failed=0 skipped=0]" time="0.0" classname="fintoo.Testcases.TC_DataGathering_008">
    <skipped/>
  </testcase> <!-- myDocumentPositive on [TC_DataGathering_008 passed=0 failed=0 skipped=0] -->
  <testcase name="logOut on [TC_DataGathering_008 passed=0 failed=0 skipped=0]" time="0.0" classname="fintoo.Testcases.TC_DataGathering_008">
    <skipped/>
  </testcase> <!-- logOut on [TC_DataGathering_008 passed=0 failed=0 skipped=0] -->
</testsuite> <!-- Test -->
